0 info it worked if it ends with ok
1 verbose cli [ '/usr/bin/nodejs', '/usr/bin/npm', 'start' ]
2 info using npm@4.1.2
3 info using node@v7.7.3
4 verbose run-script [ 'prestart', 'start', 'poststart' ]
5 info lifecycle webchat@0.0.1~prestart: webchat@0.0.1
6 silly lifecycle webchat@0.0.1~prestart: no script for prestart, continuing
7 info lifecycle webchat@0.0.1~start: webchat@0.0.1
8 verbose lifecycle webchat@0.0.1~start: unsafe-perm in lifecycle true
9 verbose lifecycle webchat@0.0.1~start: PATH: /usr/lib/node_modules/npm/bin/node-gyp-bin:/home/komar/Development/node_modules/.bin:/home/komar/bin:/home/komar/.local/bin:/usr/local/sbin:/usr/local/bin:/usr/sbin:/usr/bin:/sbin:/bin:/usr/games:/usr/local/games
10 verbose lifecycle webchat@0.0.1~start: CWD: /home/komar/Development
11 silly lifecycle webchat@0.0.1~start: Args: [ '-c', 'NODE_ENV=development node app.js' ]
12 silly lifecycle webchat@0.0.1~start: Returned: code: 1  signal: null
13 info lifecycle webchat@0.0.1~start: Failed to exec start script
14 verbose stack Error: webchat@0.0.1 start: `NODE_ENV=development node app.js`
14 verbose stack Exit status 1
14 verbose stack     at EventEmitter.<anonymous> (/usr/lib/node_modules/npm/lib/utils/lifecycle.js:279:16)
14 verbose stack     at emitTwo (events.js:106:13)
14 verbose stack     at EventEmitter.emit (events.js:194:7)
14 verbose stack     at ChildProcess.<anonymous> (/usr/lib/node_modules/npm/lib/utils/spawn.js:40:14)
14 verbose stack     at emitTwo (events.js:106:13)
14 verbose stack     at ChildProcess.emit (events.js:194:7)
14 verbose stack     at maybeClose (internal/child_process.js:899:16)
14 verbose stack     at Process.ChildProcess._handle.onexit (internal/child_process.js:226:5)
15 verbose pkgid webchat@0.0.1
16 verbose cwd /home/komar/Development
17 error Linux 4.4.0-64-generic
18 error argv "/usr/bin/nodejs" "/usr/bin/npm" "start"
19 error node v7.7.3
20 error npm  v4.1.2
21 error code ELIFECYCLE
22 error webchat@0.0.1 start: `NODE_ENV=development node app.js`
22 error Exit status 1
23 error Failed at the webchat@0.0.1 start script 'NODE_ENV=development node app.js'.
23 error Make sure you have the latest version of node.js and npm installed.
23 error If you do, this is most likely a problem with the webchat package,
23 error not with npm itself.
23 error Tell the author that this fails on your system:
23 error     NODE_ENV=development node app.js
23 error You can get information on how to open an issue for this project with:
23 error     npm bugs webchat
23 error Or if that isn't available, you can get their info via:
23 error     npm owner ls webchat
23 error There is likely additional logging output above.
24 verbose exit [ 1, true ]
